<?xml version="1.0" encoding="UTF-8"?>
<testng-results skipped="0" failed="0" ignored="0" total="1" passed="1">
  <reporter-output>
  </reporter-output>
  <suite name="Rest Assured Test suite" duration-ms="2829" started-at="2019-04-15T22:28:29Z" finished-at="2019-04-15T22:28:32Z">
    <groups>
    </groups>
    <test name="Go to Home page" duration-ms="2829" started-at="2019-04-15T22:28:29Z" finished-at="2019-04-15T22:28:32Z">
      <class name="API.Test.TweetsTest">
        <test-method status="PASS" signature="setUp()[pri:0, instance:API.Test.TweetsTest@13fee20c]" name="setUp" is-config="true" duration-ms="38" started-at="2019-04-15T22:28:29Z" finished-at="2019-04-15T22:28:29Z">
          <reporter-output>
          </reporter-output>
        </test-method> <!-- setUp -->
        <test-method status="PASS" signature="testGetUserTimeLine()[pri:0, instance:API.Test.TweetsTest@13fee20c]" name="testGetUserTimeLine" duration-ms="2763" started-at="2019-04-15T22:28:29Z" finished-at="2019-04-15T22:28:32Z">
          <reporter-output>
          </reporter-output>
        </test-method> <!-- testGetUserTimeLine -->
      </class> <!-- API.Test.TweetsTest -->
    </test> <!-- Go to Home page -->
  </suite> <!-- Rest Assured Test suite -->
</testng-results>
